0:100  0:100  MemLog inited, TSC freq: 2208317260
0:100  0:000  CPU was calibrated with RTC
0:100  0:000  
0:100  0:000  Now is 07.03.2020,  14:29:42 (GMT)
0:100  0:000  Starting Clover revision: 5104 (master, commit 60b6eb5c3) on American Megatrends EFI
0:100  0:000  Build with: [Args: -D NO_GRUB_DRIVERS_EMBEDDED -t GCC53 | -D NO_GRUB_DRIVERS_EMBEDDED --conf=/Users/sergey/src/CloverHackyColor/Conf -D USE_LOW_EBDA -a X64 -b RELEASE -t GCC53 -n 5 | OS: 10.14.6]
0:100  0:000  SelfDevicePath=PciRoot(0x0)\Pci(0x17,0x0)\Sata(0x0,0xFFFF,0x0)\HD(1,GPT,333CCB3B-4400-4025-83E4-0F8F9AEEF1D6,0x28,0x64000) @85C1A018
0:100  0:000  SelfDirPath = \EFI\BOOT
0:100  0:000  Clover : Image base = 0x6CD2D000
0:100  0:000  g_str = g_str:foobar
0:100  0:000  g_str2 = g_str:foobar2
0:100  0:000  global_str1 = global_str1
0:100  0:000  global_str2 = global_str2
0:100  0:000  SimpleTextEx Status=Success
0:100  0:000  === [ Get Smbios ] ========================================
0:100  0:000  Type 16 Index = 0
0:100  0:000  Total Memory Slots Count = 2
0:100  0:000  Type 17 Index = 0
0:100  0:000  SmbiosTable.Type17->Speed = 1600MHz
0:100  0:000  SmbiosTable.Type17->Size = 8192MB
0:100  0:000  SmbiosTable.Type17->Bank/Device = BANK 0 ChannelA-DIMM0
0:100  0:000  SmbiosTable.Type17->Vendor = 1315
0:100  0:000  SmbiosTable.Type17->SerialNumber = 22231568
0:100  0:000  SmbiosTable.Type17->PartNumber = BLS8G4D30AESCK.M8FE 
0:100  0:000  Type 17 Index = 1
0:100  0:000  SmbiosTable.Type17->Speed = 1600MHz
0:100  0:000  SmbiosTable.Type17->Size = 8192MB
0:100  0:000  SmbiosTable.Type17->Bank/Device = BANK 2 ChannelB-DIMM0
0:100  0:000  SmbiosTable.Type17->Vendor = 1315
0:100  0:000  SmbiosTable.Type17->SerialNumber = 22231514
0:100  0:000  SmbiosTable.Type17->PartNumber = BLS8G4D30AESCK.M8FE 
0:100  0:000  Boot status=0
0:100  0:000  Running on: 'To Be Filled By O.E.M.' with board 'Z170M-ITX_ac'
0:100  0:000  === [ GetCPUProperties ] ==================================
0:100  0:000  CPU Vendor = 756E6547 Model=506E0
0:100  0:000   The CPU supported SSE4.1
0:100  0:000  BrandString = Genuine Intel(R) CPU 0000 @ 2.20GHz
0:100  0:000   The CPU supported turbo
0:100  0:000  MSR 0x35               40008
0:100  0:000   TSC/CCC Information Leaf:
0:100  0:000    numerator     : 184
0:100  0:000    denominator   : 2
0:100  0:000   Calibrated ARTFrequency: 24003448
0:100  0:000   Rounded ARTFrequency: 24000000
0:100  0:000  MSR 0xE2 before patch 1E000000
0:100  0:000  MSR 0xCE              00080838_F9011600
0:100  0:000  corrected FLEX_RATIO = 0
0:100  0:000  FSBFrequency = 37 MHz, DMI FSBFrequency = 100 MHz, Corrected FSBFrequency = 100 MHz
0:100  0:000  MaxDiv/MinDiv: 22.0/8
0:100  0:000  Turbo: 24/24/24/24
0:100  0:000  Features: 0xBFEBFBFF
0:100  0:000  Threads: 8
0:100  0:000  Cores: 4
0:100  0:000  FSB: 100 MHz
0:100  0:000  CPU: 800 MHz
0:100  0:000  TSC: 800 MHz
0:100  0:000  PIS: 100 MHz
0:100  0:000  ExternalClock: 25 MHz
0:100  0:000  === [ GetDevices ] ========================================
0:100  0:000  GOP found at: PciRoot(0x0)/Pci(0x1,0x0)/Pci(0x0,0x0)/AcpiAdr(0x80010301)
0:100  0:000  PCI (00|00:00.00) : 8086 191F class=060000
0:100  0:000  PCI (00|00:01.00) : 8086 1901 class=060400
0:100  0:000  PCI (00|01:00.00) : 1002 67DF class=030000
0:100  0:000   - GOP: Provided by device
0:100  0:000   - GFX: Model=AMD Radeon RX 480 (ATI/AMD)
0:101  0:000  PCI (00|01:00.01) : 1002 AAF0 class=040300
0:101  0:000   - HDMI Audio: 
0:101  0:000  PCI (00|00:14.00) : 8086 A12F class=0C0330
0:101  0:000  PCI (00|00:14.02) : 8086 A131 class=118000
0:101  0:000  PCI (00|00:16.00) : 8086 A13A class=078000
0:101  0:000  PCI (00|00:17.00) : 8086 A102 class=010601
0:101  0:000  PCI (00|00:1C.00) : 8086 A110 class=060400
0:101  0:000  PCI (00|00:1D.00) : 8086 A118 class=060400
0:101  0:000  PCI (00|00:1D.03) : 8086 A11B class=060400
0:101  0:000  PCI (00|04:00.00) : 10EC 8168 class=020000
0:101  0:000   - LAN: 0 Vendor=Realtek
0:101  0:000  PCI (00|00:1D.07) : 8086 A11F class=060400
0:101  0:000  PCI (00|05:00.00) : 14E4 43B1 class=028000
0:101  0:000   - WIFI: Vendor=Broadcom
0:101  0:000  PCI (00|00:1F.00) : 8086 A145 class=060100
0:101  0:000  PCI (00|00:1F.02) : 8086 A121 class=058000
0:101  0:000  PCI (00|00:1F.03) : 8086 A170 class=040300
0:101  0:000  PCI (00|00:1F.04) : 8086 A123 class=0C0500
0:101  0:000  PCI (00|00:1F.06) : 8086 15B8 class=020000
0:101  0:000   - LAN: 1 Vendor=Intel
0:101  0:000  === [ GetDefaultSettings ] ================================
0:101  0:000  Clover load options size = 0 bytes
0:102  0:001  CheckOEMPathExists tried EFI\CLOVER\OEM\To Be Filled By O.E.M.--00-00-00-00-00-00. Dir not exists
0:102  0:000  CheckOEMPathExists tried EFI\CLOVER\OEM\To Be Filled By O.E.M.--00-00-00-00-00-00. Dir not exists
0:102  0:000  CheckOEMPathExists tried EFI\CLOVER\OEM\Z170M-ITX_ac\UEFI. Dir not exists
0:102  0:000  CheckOEMPathExists tried EFI\CLOVER\OEM\To Be Filled By O.E.M.. Dir not exists
0:102  0:000  CheckOEMPathExists tried EFI\CLOVER\OEM\To Be Filled By O.E.M.-800. Dir not exists
0:102  0:000  CheckOEMPathExists tried EFI\CLOVER\OEM\Z170M-ITX_ac. Dir not exists
0:102  0:000  CheckOEMPathExists tried EFI\CLOVER\OEM\Z170M-ITX_ac-800. Dir not exists
0:102  0:000  set OEMPath by default: EFI\CLOVER
0:104  0:002  EFI\CLOVER\config.plist loaded: Success
0:112  0:007  === [ GetListOfThemes ] ===================================
0:113  0:001  - [00]: Catalina
0:114  0:000  - [01]: random
0:115  0:001  - [01]: embedded
0:115  0:000  === [ Found config plists ] ===============================
0:115  0:000  - config.plist
0:115  0:000  === [ GetEarlyUserSettings ] ==============================
0:115  0:000  timeout set to 5
0:115  0:000  Custom boot CUSTOM_BOOT_DISABLED (0x0)
0:115  0:000  FakeCPUID: 506E3
0:115  0:000  ForceKextsToLoad: 1 requested
0:115  0:000   - [0]: System\Library\Extensions\IONetworkingFamily.kext
0:115  0:000  KextsToPatch: 3 requested
0:115  0:000   - [00]: AppleIntelSKLGraph﻿icsFramebuffer﻿﻿﻿ (DVMT for AppleIntelSKLGraphicsFramebuffer﻿ (Credits DalianSky) for 10.15.x) :: MatchOS: 10.15.x :: BinPatch :: data len: 6
0:115  0:000   - [01]: com.apple.iokit.IOUSBHostFamily (USB Port limit patch 10.14.x 10.15.x #1 modify by DalianSky(credits PMheart)) :: BinPatch :: data len: 4
0:115  0:000   - patch disabled at config
0:115  0:000   - [02]: com.apple.driver.usb.AppleUSBXHCI (USB Port limit patch 10.15.x #1 modify by DalianSky) :: BinPatch :: data len: 4
0:115  0:000   - patch disabled at config
0:116  0:000  Default theme: Catalina
0:116  0:000  Hiding entries with string Preboot
0:116  0:000  Hiding entries with string Recovery
0:116  0:000  === [ LoadDrivers ] =======================================
0:116  0:000  Loading FSInject.efi  status=Success
0:116  0:000  Loading HFSPlus.efi  status=Success
0:117  0:000   - driver needs connecting
0:117  0:000  Loading VirtualSmc.efi  status=Success
0:218  0:100  Loading ApfsDriverLoader.efi  status=Success
0:218  0:000   - driver needs connecting
0:218  0:000  Loading AptioMemoryFix.efi  status=Success
0:219  0:000  2 drivers needs connecting ...
0:219  0:000  PlatformDriverOverrideProtocol not found. Installing ... Success
0:219  0:000  HFS+ driver loaded
0:219  0:000  APFS driver loaded
0:219  0:000  Searching for invalid DiskIo BY_DRIVER connects: not found, all ok
5:744  5:525  === [ InitScreen ] ========================================
5:744  0:000  Console modes reported: 4, available modes:
5:744  0:000   - [01]: 80x25 (current mode)
5:744  0:000   - [02]: 128x40
5:744  0:000   - [03]: 100x31
5:744  0:000   - [04]: 240x56
5:744  0:000  SetScreenResolution: 1920x1080 - already set
5:744  0:000  reinit: self device path=PciRoot(0x0)\Pci(0x17,0x0)\Sata(0x0,0xFFFF,0x0)\HD(1,GPT,333CCB3B-4400-4025-83E4-0F8F9AEEF1D6,0x28,0x64000)
5:744  0:000  Using embedded font: Success
5:745  0:000  === [ GetMacAddress ] =====================================
5:745  0:000  MAC address of LAN #0= D0:50:99:91:27:BA:
5:745  0:000  MAC address of LAN #1= D0:50:99:91:27:BA:
5:745  0:000  MAC address of LAN #2= D0:50:99:91:27:BA:
5:745  0:000  MAC address of LAN #3= D0:50:99:91:27:BA:
5:745  0:000  === [ ScanSPD ] ===========================================
5:745  0:000  Scanning SMBus [8086:A123], mmio: 0xDFF4A004, ioport: 0xF000, hostc: 0x1
5:763  0:017  Slot: 0 Type 26 8192MB 3003MHz Vendor=Crucial Technology PartNo=BLS8G4D30AESCK.M8FE SerialNo=0E000E0B090E0404
5:781  0:018  Slot: 2 Type 26 8192MB 3003MHz Vendor=Crucial Technology PartNo=BLS8G4D30AESCK.M8FE SerialNo=0E000E0B090B080C
5:782  0:000  === [ GetAcpiTablesList ] =================================
5:787  0:004  Get Acpi Tables List from RSDT:
5:787  0:000   - [00]: FACP  A M I  len=132
5:787  0:000   - [01]: APIC  A M I  len=188
5:787  0:000   - [02]: FPDT  A M I  len=68
5:787  0:000   - [03]: FIDT  A M I  len=156
5:787  0:000   - [04]: MCFG  A M I len=60
5:787  0:000   - [05]: HPET  A M I len=56
5:787  0:000   - [06]: SSDT  SataTabl len=877
5:787  0:000   - [07]: LPIT  SKL len=148
5:787  0:000   - [08]: SSDT  UsbCTabl len=43
5:787  0:000   - [09]: DBGP   len=52
5:787  0:000   - [10]: DBG2   len=84
5:787  0:000   - [11]: SSDT  xh_rvp08 len=1519
5:787  0:000   - [12]: AAFT  OEMAAFT  len=654
5:787  0:000   - [13]: SSDT  SaSsdt  len=21010
5:787  0:000   - [14]: UEFI   len=66
5:787  0:000   - [15]: SSDT  CpuSsdt len=3672
5:787  0:000   - [16]: VFCT  A M I  len=60548
5:787  0:000   - [17]: BGRT  A M I  len=56
5:787  0:000   - [18]: ASF!   HCG len=165
5:787  0:000  Calibrated TSC Frequency = 2208317260 = 2208MHz
5:787  0:000  === [ GetUserSettings ] ===================================
5:787  0:000  Add 2 devices:
5:787  0:000  USB FixOwnership: yes
5:787  0:000  Dropping 1 tables:
5:787  0:000   - [00]: Drop table  signature="DMAR" (52414D44)
5:787  0:000           - set table: 52414D44,                0 to drop: no
5:787  0:000   - final DSDT Fix mask=00000000
5:787  0:000  PatchesDSDT: 3 requested
5:787  0:000   - [00]: (change H_EC to EC) lenToFind: 4, lenToReplace: 4, Target Bridge: <null string>
5:787  0:000   - [01]: (Fix AsRock Z390 BIOS DSDT Device(RTC) bug) lenToFind: 8, lenToReplace: 8, Target Bridge: <null string>
5:787  0:000    patch disabled at config
5:787  0:000   - [02]: (change HDAS to HDEF) lenToFind: 4, lenToReplace: 4, Target Bridge: <null string>
5:787  0:000  EnableC7: no
5:787  0:000  EnableC6: no
5:787  0:000  Using ProductName from config: iMac18,3
5:787  0:000  Found same BiosVersion in clover and config
5:787  0:000  BiosVersion: IM183.88Z.F000.B00.1912161654
5:787  0:000  BiosReleaseDate: 12/16/2019
5:787  0:000  Using EfiVersion from clover: 180.0.0.0.0
5:787  0:000  Using FirmwareFeatures from config: 0xFC0FE176
5:787  0:000  Using FirmwareFeaturesMask from config: 0xFF1FFF7F
5:787  0:000  Board-ID set from config as Mac-BE088AF8C5EB4FA2
5:787  0:000  BoardType: 0xA
5:787  0:000  ChassisType: 0x9
5:787  0:000  Converted CustomUUID 08CE08B7-36F2-4596-8151-832B4C56A320
5:787  0:000  === [ Found DSDT tables ] =================================
6:370  0:582  === [ ScanVolumes ] =======================================
6:370  0:000  Found 14 volumes with blockIO
6:370  0:000  - [00]: Volume: PciRoot(0x0)\Pci(0x17,0x0)\Sata(0x0,0xFFFF,0x0)
6:370  0:000  - [01]: Volume: PciRoot(0x0)\Pci(0x17,0x0)\Sata(0x1,0xFFFF,0x0)
6:371  0:000  - [02]: Volume: PciRoot(0x0)\Pci(0x17,0x0)\Sata(0x0,0xFFFF,0x0)\HD(1,GPT,333CCB3B-4400-4025-83E4-0F8F9AEEF1D6,0x28,0x64000)
6:372  0:000          Result of bootcode detection: bootable unknown (legacy)
6:372  0:000          This is SelfVolume !!
6:372  0:000  - [03]: Volume: PciRoot(0x0)\Pci(0x17,0x0)\Sata(0x0,0xFFFF,0x0)\HD(2,GPT,5619B906-3551-4B76-A8C9-FE21E7676366,0x64028,0x37DDF660)
6:372  0:000          Result of bootcode detection: bootable unknown (legacy)
6:372  0:000  - [04]: Volume: PciRoot(0x0)\Pci(0x17,0x0)\Sata(0x1,0xFFFF,0x0)\HD(1,GPT,11A65FBA-CF60-405A-B83F-F466FB9CCD03,0x800,0x108800)
6:373  0:000          Result of bootcode detection: bootable Windows (vista,win)
6:373  0:000  - [05]: Volume: PciRoot(0x0)\Pci(0x17,0x0)\Sata(0x1,0xFFFF,0x0)\HD(2,GPT,849B00ED-72E2-4417-8E23-D514F847C9A0,0x109000,0x32000)
6:373  0:000          Result of bootcode detection: bootable Windows (vista,win)
6:373  0:000  - [06]: Volume: PciRoot(0x0)\Pci(0x17,0x0)\Sata(0x1,0xFFFF,0x0)\HD(3,GPT,81FEA0E8-467E-4912-ACDE-212146D09E7D,0x13B000,0x8000)
6:374  0:000  - [07]: Volume: PciRoot(0x0)\Pci(0x17,0x0)\Sata(0x1,0xFFFF,0x0)\HD(4,GPT,E8FA3AE6-B22A-4CFE-8AF6-53A7A2A752C1,0x143000,0x20000000)
6:374  0:000          Result of bootcode detection: bootable Windows (vista,win)
6:375  0:000  - [08]: Volume: PciRoot(0x0)\Pci(0x17,0x0)\Sata(0x1,0xFFFF,0x0)\HD(5,GPT,5AFE64A0-B018-4348-A478-09E967A02E3F,0x20143000,0x9A391800)
6:376  0:000          Result of bootcode detection: bootable Windows (vista,win)
6:376  0:000  - [09]: Volume: PciRoot(0x0)\Pci(0x17,0x0)\Sata(0x0,0xFFFF,0x0)\HD(2,GPT,5619B906-3551-4B76-A8C9-FE21E7676366,0x64028,0x37DDF660)\VenMedia(BE74FCF7-0B7C-49F3-9147-01F4042E6842,F720012B305DF04C9FC875004EA33692)
6:376  0:000          hiding this volume
6:376  0:000  - [10]: Volume: PciRoot(0x0)\Pci(0x17,0x0)\Sata(0x0,0xFFFF,0x0)\HD(2,GPT,5619B906-3551-4B76-A8C9-FE21E7676366,0x64028,0x37DDF660)\VenMedia(BE74FCF7-0B7C-49F3-9147-01F4042E6842,85A98B51F79C7943A47925F51945A440)
6:376  0:000  - [11]: Volume: PciRoot(0x0)\Pci(0x17,0x0)\Sata(0x0,0xFFFF,0x0)\HD(2,GPT,5619B906-3551-4B76-A8C9-FE21E7676366,0x64028,0x37DDF660)\VenMedia(BE74FCF7-0B7C-49F3-9147-01F4042E6842,7C2A6598361F1B47857DF608F395005A)
6:376  0:000          hiding this volume
6:376  0:000  - [12]: Volume: PciRoot(0x0)\Pci(0x17,0x0)\Sata(0x0,0xFFFF,0x0)\HD(2,GPT,5619B906-3551-4B76-A8C9-FE21E7676366,0x64028,0x37DDF660)\VenMedia(BE74FCF7-0B7C-49F3-9147-01F4042E6842,5C93B2F40AB6AF4A827CE0F5A9420F87)
6:376  0:000  - [13]: Volume: PciRoot(0x0)\Pci(0x17,0x0)\Sata(0x0,0xFFFF,0x0)\HD(2,GPT,5619B906-3551-4B76-A8C9-FE21E7676366,0x64028,0x37DDF660)\VenMedia(BE74FCF7-0B7C-49F3-9147-01F4042E6842,3060869E9C6A6E4292C16494FBC4D888)
6:377  0:000  No AudioIoProtocols, status=Not Found
6:377  0:000  === [ InitTheme ] =========================================
6:377  0:000  use daylight theme
6:381  0:004  Using theme 'Catalina' (EFI\CLOVER\themes\Catalina)
6:381  0:000  OS main and drive as badge
6:383  0:001    Channels: 1  Sample rate: 44100 Hz  Bits: 16
6:383  0:000  output to channel 0 with volume 70, len=228736
6:383  0:000   sound channels=1 bits=16 freq=44100
6:383  0:000  not found AudioIo to play
6:383  0:000  free sound
6:383  0:000  sound play end with status=Not Found
6:384  0:000  Loading font from ThemeDir: Success
6:384  0:000  theme inited
6:384  0:000  Chosen theme Catalina
6:384  0:000  after NVRAM boot-args=-v
6:384  0:000  === [ Dump SMC keys from NVRAM ] ==========================
6:384  0:000  found AppleSMC protocol
6:395  0:010  === [ ScanLoader ] ========================================
6:395  0:000  - [02]: 'EFI'
6:396  0:001          AddLoaderEntry for Volume Name=EFI
6:396  0:000          skipped because entry is hidden
6:396  0:000  - [04]: 'b'
6:396  0:000  - [05]: 'EFI'
6:398  0:002          AddLoaderEntry for Volume Name=EFI
6:403  0:005          AddLoaderEntry for Volume Name=EFI
6:403  0:000          skipped because entry is hidden
6:403  0:000  - [07]: ''
6:403  0:000  - [08]: ''
6:403  0:000  - [09]: 'Preboot', hidden
6:403  0:000  - [10]: 'Macintosh HD - pn'
6:408  0:004  - [11]: 'Recovery', hidden
6:408  0:000  - [12]: 'VM'
6:408  0:000  - [13]: 'Macintosh HD'
6:432  0:024          AddLoaderEntry for Volume Name=Macintosh HD
6:439  0:007      hibernated: set as never
6:440  0:000  Scanning legacy ...
6:440  0:000   4: 'b' (vista,win) add legacy
6:440  0:000   added 'Boot Windows from b' OSType=2 Icon=vista,win
6:440  0:000   5: 'EFI' (vista,win) add legacy
6:441  0:000   added 'Boot Windows from EFI' OSType=2 Icon=vista,win
6:441  0:000   7: '' (vista,win) add legacy
6:441  0:000   added 'Boot Windows from ' OSType=2 Icon=vista,win
6:441  0:000   8: '' (vista,win) add legacy
6:441  0:000   added 'Boot Windows from ' OSType=2 Icon=vista,win
6:441  0:000  === [ AddCustomTool ] =====================================
6:442  0:000  === [ GetEfiBootDeviceFromNvram ] =========================
6:442  0:000   - efi-boot-device-data: PciRoot(0x0)\Pci(0x17,0x0)\Sata(0x0,0xFFFF,0x0)\HD(2,GPT,5619B906-3551-4B76-A8C9-FE21E7676366,0x64028,0x37DDF660)\VenMedia(BE74FCF7-0B7C-49F3-9147-01F4042E6842,3060869E9C6A6E4292C16494FBC4D888)
6:442  0:000    - Volume: 'PciRoot(0x0)\Pci(0x17,0x0)\Sata(0x0,0xFFFF,0x0)\HD(2,GPT,5619B906-3551-4B76-A8C9-FE21E7676366,0x64028,0x37DDF660)\VenMedia(BE74FCF7-0B7C-49F3-9147-01F4042E6842,3060869E9C6A6E4292C16494FBC4D888)'
6:442  0:000    - LoaderPath: '<null string>'
6:442  0:000    - Guid = 5619B906-3551-4B76-A8C9-FE21E7676366
6:442  0:000  === [ FindStartupDiskVolume ] =============================
6:442  0:000    - Volume: partition = PciRoot(0x0)\Pci(0x17,0x0)\Sata(0x0,0xFFFF,0x0)\HD(2,GPT,5619B906-3551-4B76-A8C9-FE21E7676366,0x64028,0x37DDF660)\VenMedia(BE74FCF7-0B7C-49F3-9147-01F4042E6842,3060869E9C6A6E4292C16494FBC4D888)
6:442  0:000     - searching for that partition
6:443  0:000      - found entry 1. 'Boot macOS from Macintosh HD', Volume 'Macintosh HD'
6:443  0:000  Boot redirected to Entry 1. 'Boot macOS from Macintosh HD'
6:443  0:000  DefaultIndex=1 and MainMenu.EntryCount=10
6:634  0:191  GUI ready
10:361  3:726  exit from MainMenu 7
16:114  5:753  exit from MainMenu 1
16:114  0:000  Boot option Boot0000 not found
16:114  0:000  === [ StartLoader ] =======================================
16:114  0:000  Finally: ExternalClock=26MHz BusSpeed=100379kHz CPUFreq=2208MHz PIS: hw.busfrequency=104000000Hz
16:114  0:000  Loading boot.efi  status=Success
16:127  0:012  GetOSVersion: 10.15.3 (19D76)
16:127  0:000  CSR_CFG: CSR_ALLOW_UNTRUSTED_KEXTS | CSR_ALLOW_UNRESTRICTED_FS | CSR_ALLOW_TASK_FOR_PID | CSR_ALLOW_UNRESTRICTED_DTRACE | CSR_ALLOW_UNRESTRICTED_NVRAM
16:127  0:000  Filtering KextPatches:
16:127  0:000   - [00]: AppleIntelSKLGraph﻿icsFramebuffer﻿﻿﻿ (DVMT for AppleIntelSKLGraphicsFramebuffer﻿ (Credits DalianSky) for 10.15.x) :: BinPatch :: [OS: 10.15.3 | MatchOS: 10.15.x | MatchBuild: All] ==> allowed
16:127  0:000   - [01]: com.apple.iokit.IOUSBHostFamily (USB Port limit patch 10.14.x 10.15.x #1 modify by DalianSky(credits PMheart)) :: BinPatch :: [OS: 10.15.3 | MatchOS: All | MatchBuild: All] ==> disabled by user
16:127  0:000   - [02]: com.apple.driver.usb.AppleUSBXHCI (USB Port limit patch 10.15.x #1 modify by DalianSky) :: BinPatch :: [OS: 10.15.3 | MatchOS: All | MatchBuild: All] ==> disabled by user
16:127  0:000  Will not patch boot.efi
16:127  0:000  === [ PatchSmbios ] =======================================
16:127  0:000  insert table 9 for dev 0:0
16:127  0:000  insert table 9 for dev 0:1
16:127  0:000  insert table 9 for dev 1F:6
16:127  0:000  insert table 9 for dev 0:0
16:127  0:000  Table 11 present, but rewritten for us
16:127  0:000  Trusting SMBIOS...
16:127  0:000  Detected alternating SMBIOS channel banks
16:127  0:000  Channels: 2
16:127  0:000  Interleave: 0 2 1 3 4 6 5 7 8 10 9 11 12 14 13 15 16 18 17 19 20 22 21 23
16:127  0:000   partNum=BLS8G4D30AESCK.M8FE 
16:127  0:000  SMBIOS Type 17 Index = 0 => 0 0:
16:127  0:000  BANK 0 DIMM0 3003MHz 8192MB(Ext:0MB)
16:127  0:000   partNum=BLS8G4D30AESCK.M8FE 
16:127  0:000  SMBIOS Type 17 Index = 1 => 1 2:
16:127  0:000  BANK 1 DIMM0 3003MHz 8192MB(Ext:0MB)
16:127  0:000  mTotalSystemMemory = 16384
16:127  0:000  NumberOfMemoryDevices = 2
16:127  0:000  Type20[0]->End = 0x7FFFFF, Type17[0] = 0x2000
16:127  0:000  Type20[1]->End = 0xFFFFFF, Type17[1] = 0x6000
16:127  0:000  Table 131 is present, CPUType=35
16:127  0:000  Change to: 705
16:127  0:000  === [ PatchACPI ] =========================================
16:127  0:000  Xsdt reallocation done
16:127  0:000  old FADT length=10C
16:127  0:000   SignatureFixup: 0xBDC59354 -> 0x0
16:129  0:002  Apply DsdtFixMask=0x00000000
16:129  0:000     drop _DSM mask=0xFFFF
16:129  0:000  === [ FixBiosDsdt ] =======================================
16:130  0:000  Patching DSDT:
16:130  0:000   - [change H_EC to EC]: pattern 485F4543, patched at: [ (F2C1) (1B) (15) (14) (111) (15) (25) (22) (15) (665) (14) (18) (14) (18) (14) (18) (14) (18) (16) (16) (33) (1CB) (40) (15) (BD) (15) (13) (EA) (40) (15) (1A2C) (14) (13A) (14) (DFDC) (10) (1B) (10) (1A) (3BA) ]
16:130  0:000   - [Fix AsRock Z390 BIOS DSDT Device(RTC) bug]: disabled
16:130  0:000   - [change HDAS to HDEF]: pattern 48444153, patched at: [ (9B5F) (19EF) (86) (D) (A1) (6A) ]
16:130  0:000    0 replacements
16:130  0:000  PreCleanup XSDT: count=19, length=188
16:130  0:000  PreCleanup XSDT, corrected XSDT: count=19, length=188
16:130  0:000  === [ ACPIDropTables ] ====================================
16:130  0:000  Patching SSDT SataTabl Length=877
16:130  0:000  0. [change H_EC to EC]: pattern 485F4543, bin not found / already patched!
16:130  0:000  1. [Fix AsRock Z390 BIOS DSDT Device(RTC) bug]: disabled
16:130  0:000  2. [change HDAS to HDEF]: pattern 48444153, bin not found / already patched!
16:130  0:000    0 replacements
16:130  0:000  Patching SSDT UsbCTabl Length=43
16:130  0:000  0. [change H_EC to EC]: pattern 485F4543, bin not found / already patched!
16:130  0:000  1. [Fix AsRock Z390 BIOS DSDT Device(RTC) bug]: disabled
16:130  0:000  2. [change HDAS to HDEF]: pattern 48444153, bin not found / already patched!
16:130  0:000    0 replacements
16:130  0:000  Patching SSDT xh_rvp08 Length=1519
16:130  0:000  0. [change H_EC to EC]: pattern 485F4543, bin not found / already patched!
16:130  0:000  1. [Fix AsRock Z390 BIOS DSDT Device(RTC) bug]: disabled
16:130  0:000  2. [change HDAS to HDEF]: pattern 48444153, bin not found / already patched!
16:130  0:000    0 replacements
16:130  0:000  Patching SSDT SaSsdt  Length=21010
16:130  0:000  0. [change H_EC to EC]: pattern 485F4543, bin not found / already patched!
16:130  0:000  1. [Fix AsRock Z390 BIOS DSDT Device(RTC) bug]: disabled
16:130  0:000  2. [change HDAS to HDEF]: pattern 48444153, bin not found / already patched!
16:130  0:000    0 replacements
16:130  0:000  Found OperationRegion(SANV, SystemMemory, 87F86D98, ...)
16:130  0:000  Patching SSDT CpuSsdt Length=3672
16:130  0:000  0. [change H_EC to EC]: pattern 485F4543, bin not found / already patched!
16:130  0:000  1. [Fix AsRock Z390 BIOS DSDT Device(RTC) bug]: disabled
16:130  0:000  2. [change HDAS to HDEF]: pattern 48444153, bin not found / already patched!
16:130  0:000    0 replacements
16:130  0:000  Found OperationRegion(PNVS, SystemMemory, 6DCDB000, ...)
16:130  0:000  === [ ACPIPatchedAML ] ====================================
16:130  0:000  Unsorted
16:130  0:000  Inserting SSDT-UIAC.aml from EFI\CLOVER\ACPI\patched: size=697 ... Success
16:132  0:001  Inserting SSDT-EC.aml from EFI\CLOVER\ACPI\patched: size=91 ... Success
16:132  0:000  ApicCPUNum=1
16:132  0:000  Maximum control=0x16
16:132  0:000  Turbo control=0x18
16:132  0:000  P-States: min 0x8, max 0x18
16:132  0:000  SSDT with plugin-type without P-States is generated
16:132  0:000  Cleanup XSDT: count=22, length=212
16:132  0:000  corrected XSDT count=22, length=212
16:132  0:000  === [ RestSetup macOS ] ===================================
16:132  0:000  EdidDiscovered size=128
16:132  0:000  --- Discovered EDID Table size:128
16:132  0:000  000  |  00  FF  FF  FF  FF  FF  FF  00  09  D1
16:132  0:000  010  |  E7  78  45  54  00  00  03  1C  01  03
16:132  0:000  020  |  80  35  1E  78  2E  05  65  A7  56  52
16:132  0:000  030  |  9C  27  0F  50  54  A5  6B  80  D1  C0
16:132  0:000  040  |  B3  00  A9  C0  81  80  81  00  81  C0
16:132  0:000  050  |  01  01  01  01  02  3A  80  18  71  38
16:132  0:000  060  |  2D  40  58  2C  45  00  0F  28  21  00
16:132  0:000  070  |  00  1E  00  00  00  FF  00  4D  31  4A
16:132  0:000  080  |  30  30  37  32  35  30  31  51  0A  20
16:132  0:000  090  |  00  00  00  FD  00  32  4C  1E  53  11
16:132  0:000  100  |  00  0A  20  20  20  20  20  20  00  00
16:132  0:000  110  |  00  FC  00  42  65  6E  51  20  47  57
16:132  0:000  120  |  32  34  38  30  0A  20  01  BB
16:132  0:000  add device: PciRoot(0x0)/Pci(0x1F,0x3)
16:132  0:000     Add key=model valuelen=58
16:132  0:000     Add key=layout-id valuelen=4
16:132  0:000     Add key=hda-gfx valuelen=10
16:132  0:000     Add key=device_type valuelen=13
16:132  0:000     Add key=AAPL,slot-name valuelen=16
16:132  0:000  add device: PciRoot(0x0)/Pci(0x2,0x0)
16:132  0:000     Add key=framebuffer-stolenmem valuelen=4
16:132  0:000     Add key=framebuffer-patch-enable valuelen=4
16:132  0:000     Add key=framebuffer-fbmem valuelen=4
16:132  0:000     Add key=disable-external-gpu valuelen=4
16:132  0:000  ATI injection not set
16:132  0:000  Device 0 deinited
16:132  0:000   RCBA disabled; cannot use it
16:132  0:000  stringlength = 1646
16:132  0:000  CurrentMode: Width=1920 Height=1080
16:132  0:000  Beginning FSInjection
FSInjectionInstall ...
- Our FSI_SIMPLE_FILE_SYSTEM_PROTOCOL installed on handle: 84B31818
FSInjectionInstall ...
- Our FSI_SIMPLE_FILE_SYSTEM_PROTOCOL installed on handle: 84B31818
16:134  0:001  Use origin smbios table type 1 guid.
16:137  0:002    Force kext: System\Library\Extensions\IONetworkingFamily.kext
16:155  0:018      Force PlugIn kext: System\Library\Extensions\IONetworkingFamily.kext\Contents\PlugIns\AppleEthernetAquantiaAqtion.kext
16:167  0:011      Force PlugIn kext: System\Library\Extensions\IONetworkingFamily.kext\Contents\PlugIns\AppleBCM5701Ethernet.kext
16:182  0:014      Force PlugIn kext: System\Library\Extensions\IONetworkingFamily.kext\Contents\PlugIns\AppleIntelI210Ethernet.kext
16:191  0:008      Force PlugIn kext: System\Library\Extensions\IONetworkingFamily.kext\Contents\PlugIns\Intel82574L.kext
16:201  0:009      Force PlugIn kext: System\Library\Extensions\IONetworkingFamily.kext\Contents\PlugIns\IOEthernetAVBController.kext
16:207  0:006      Force PlugIn kext: System\Library\Extensions\IONetworkingFamily.kext\Contents\PlugIns\AppleEthernetAquantiaAqtionFirmware.kext
16:217  0:010      Force PlugIn kext: System\Library\Extensions\IONetworkingFamily.kext\Contents\PlugIns\AppleIntel8254XEthernet.kext
16:226  0:008      Force PlugIn kext: System\Library\Extensions\IONetworkingFamily.kext\Contents\PlugIns\AppleVmxnet3Ethernet.kext
16:233  0:007      Force PlugIn kext: System\Library\Extensions\IONetworkingFamily.kext\Contents\PlugIns\mDNSOffloadUserClient.kext
16:239  0:006  Preparing kexts injection for arch=x86_64 from EFI\CLOVER\kexts\Other
16:239  0:000  ->Extra kext: EFI\CLOVER\kexts\Other\BrcmPatchRAM3.kext (v.2.3.0d4)
16:308  0:068  ->Extra kext: EFI\CLOVER\kexts\Other\VirtualSMC.kext (v.1.1.1)
16:317  0:008  ->Extra kext: EFI\CLOVER\kexts\Other\BrcmBluetoothInjector.kext (v.2.3.0d4)
16:369  0:052  ->Extra kext: EFI\CLOVER\kexts\Other\USBInjectAll.kext (v.0.7.1)
16:619  0:249  ->Extra kext: EFI\CLOVER\kexts\Other\SMCProcessor.kext (v.1.1.1)
16:626  0:006  ->Extra kext: EFI\CLOVER\kexts\Other\RealtekRTL8111.kext (v.2.2.2)
16:634  0:008  ->Extra kext: EFI\CLOVER\kexts\Other\WhateverGreen.kext (v.1.3.7)
16:643  0:009  ->Extra kext: EFI\CLOVER\kexts\Other\SMCSuperIO.kext (v.1.1.1)
16:649  0:006  ->Extra kext: EFI\CLOVER\kexts\Other\IntelMausi.kext (v.1.0.2)
16:658  0:008  ->Extra kext: EFI\CLOVER\kexts\Other\AppleALC.kext (v.1.4.7)
17:197  0:539  ->Extra kext: EFI\CLOVER\kexts\Other\AirportBrcmFixup.kext (v.2.0.6)
17:212  0:015  ->Extra kext: EFI\CLOVER\kexts\Other\BrcmFirmwareData.kext (v.2.3.0d4)
17:225  0:013  ->Extra kext: EFI\CLOVER\kexts\Other\Lilu.kext (v.1.4.2)
17:234  0:009  Preparing kexts injection for arch=x86_64 from EFI\CLOVER\kexts\10
17:234  0:000  Preparing kexts injection for arch=x86_64 from EFI\CLOVER\kexts\10_normal
17:234  0:000  Preparing kexts injection for arch=x86_64 from EFI\CLOVER\kexts\10.15
17:234  0:000  Preparing kexts injection for arch=x86_64 from EFI\CLOVER\kexts\10.15_normal
17:234  0:000  Preparing kexts injection for arch=x86_64 from EFI\CLOVER\kexts\10.15.3
17:234  0:000  Preparing kexts injection for arch=x86_64 from EFI\CLOVER\kexts\10.15.3_normal
17:238  0:003  SetStartupDiskVolume:
17:238  0:000    * Volume: 'Macintosh HD'
17:238  0:000    * LoaderPath: '<null string>'
17:238  0:000    * DevPath: Macintosh HD
17:238  0:000    * GUID = 5619B906-3551-4B76-A8C9-FE21E7676366
17:238  0:000    * efi-boot-device: <array><dict><key>IOMatch</key><dict><key>IOProviderClass</key><string>IOMedia</string><key>IOPropertyMatch</key><dict><key>UUID</key><string>5619B906-3551-4B76-A8C9-FE21E7676366</string></dict></dict></dict></array>
17:238  0:000  Custom boot screen not used because entry has unset use graphics
17:238  0:000  Closing log
